[0m[1mdata.aws_availability_zones.available: Reading...[0m[0m
[0m[1mdata.aws_availability_zones.available: Read complete after 0s [id=ap-south-1][0m

Terraform used the selected providers to generate the following execution
plan. Resource actions are indicated with the following symbols:
  [32m+[0m create[0m

Terraform will perform the following actions:

[1m  # aws_eip.nat[0m will be created
[0m  [32m+[0m[0m resource "aws_eip" "nat" {
      [32m+[0m[0m allocation_id        = (known after apply)
      [32m+[0m[0m arn                  = (known after apply)
      [32m+[0m[0m association_id       = (known after apply)
      [32m+[0m[0m carrier_ip           = (known after apply)
      [32m+[0m[0m customer_owned_ip    = (known after apply)
      [32m+[0m[0m domain               = "vpc"
      [32m+[0m[0m id                   = (known after apply)
      [32m+[0m[0m instance             = (known after apply)
      [32m+[0m[0m ipam_pool_id         = (known after apply)
      [32m+[0m[0m network_border_group = (known after apply)
      [32m+[0m[0m network_interface    = (known after apply)
      [32m+[0m[0m private_dns          = (known after apply)
      [32m+[0m[0m private_ip           = (known after apply)
      [32m+[0m[0m ptr_record           = (known after apply)
      [32m+[0m[0m public_dns           = (known after apply)
      [32m+[0m[0m public_ip            = (known after apply)
      [32m+[0m[0m public_ipv4_pool     = (known after apply)
      [32m+[0m[0m tags                 = {
          [32m+[0m[0m "Name" = "iit-test-nat-eip"
        }
      [32m+[0m[0m tags_all             = {
          [32m+[0m[0m "Environment" = "production"
          [32m+[0m[0m "ManagedBy"   = "terraform"
          [32m+[0m[0m "Name"        = "iit-test-nat-eip"
          [32m+[0m[0m "Project"     = "iit-test"
        }
      [32m+[0m[0m vpc                  = (known after apply)
    }

[1m  # aws_eks_cluster.main[0m will be created
[0m  [32m+[0m[0m resource "aws_eks_cluster" "main" {
      [32m+[0m[0m arn                           = (known after apply)
      [32m+[0m[0m bootstrap_self_managed_addons = true
      [32m+[0m[0m certificate_authority         = (known after apply)
      [32m+[0m[0m cluster_id                    = (known after apply)
      [32m+[0m[0m created_at                    = (known after apply)
      [32m+[0m[0m endpoint                      = (known after apply)
      [32m+[0m[0m id                            = (known after apply)
      [32m+[0m[0m identity                      = (known after apply)
      [32m+[0m[0m name                          = "iit-test-eks"
      [32m+[0m[0m platform_version              = (known after apply)
      [32m+[0m[0m role_arn                      = (known after apply)
      [32m+[0m[0m status                        = (known after apply)
      [32m+[0m[0m tags                          = {
          [32m+[0m[0m "Name" = "iit-test-eks"
        }
      [32m+[0m[0m tags_all                      = {
          [32m+[0m[0m "Environment" = "production"
          [32m+[0m[0m "ManagedBy"   = "terraform"
          [32m+[0m[0m "Name"        = "iit-test-eks"
          [32m+[0m[0m "Project"     = "iit-test"
        }
      [32m+[0m[0m version                       = "1.31"

      [32m+[0m[0m access_config (known after apply)

      [32m+[0m[0m kubernetes_network_config (known after apply)

      [32m+[0m[0m upgrade_policy (known after apply)

      [32m+[0m[0m vpc_config {
          [32m+[0m[0m cluster_security_group_id = (known after apply)
          [32m+[0m[0m endpoint_private_access   = true
          [32m+[0m[0m endpoint_public_access    = true
          [32m+[0m[0m public_access_cidrs       = (known after apply)
          [32m+[0m[0m security_group_ids        = (known after apply)
          [32m+[0m[0m subnet_ids                = (known after apply)
          [32m+[0m[0m vpc_id                    = (known after apply)
        }
    }

[1m  # aws_eks_node_group.main[0m will be created
[0m  [32m+[0m[0m resource "aws_eks_node_group" "main" {
      [32m+[0m[0m ami_type               = (known after apply)
      [32m+[0m[0m arn                    = (known after apply)
      [32m+[0m[0m capacity_type          = (known after apply)
      [32m+[0m[0m cluster_name           = "iit-test-eks"
      [32m+[0m[0m disk_size              = (known after apply)
      [32m+[0m[0m id                     = (known after apply)
      [32m+[0m[0m instance_types         = [
          [32m+[0m[0m "t3.small",
        ]
      [32m+[0m[0m node_group_name        = "iit-test-eks-node-group"
      [32m+[0m[0m node_group_name_prefix = (known after apply)
      [32m+[0m[0m node_role_arn          = (known after apply)
      [32m+[0m[0m release_version        = (known after apply)
      [32m+[0m[0m resources              = (known after apply)
      [32m+[0m[0m status                 = (known after apply)
      [32m+[0m[0m subnet_ids             = (known after apply)
      [32m+[0m[0m tags                   = {
          [32m+[0m[0m "Name" = "iit-test-eks-node-group"
        }
      [32m+[0m[0m tags_all               = {
          [32m+[0m[0m "Environment" = "production"
          [32m+[0m[0m "ManagedBy"   = "terraform"
          [32m+[0m[0m "Name"        = "iit-test-eks-node-group"
          [32m+[0m[0m "Project"     = "iit-test"
        }
      [32m+[0m[0m version                = (known after apply)

      [32m+[0m[0m node_repair_config (known after apply)

      [32m+[0m[0m scaling_config {
          [32m+[0m[0m desired_size = 2
          [32m+[0m[0m max_size     = 4
          [32m+[0m[0m min_size     = 1
        }

      [32m+[0m[0m update_config {
          [32m+[0m[0m max_unavailable = 1
        }
    }

[1m  # aws_iam_role.eks_cluster[0m will be created
[0m  [32m+[0m[0m resource "aws_iam_role" "eks_cluster" {
      [32m+[0m[0m arn                   = (known after apply)
      [32m+[0m[0m assume_role_policy    = jsonencode(
            {
              [32m+[0m[0m Statement = [
                  [32m+[0m[0m {
                      [32m+[0m[0m Action    = "sts:AssumeRole"
                      [32m+[0m[0m Effect    = "Allow"
                      [32m+[0m[0m Principal = {
                          [32m+[0m[0m Service = "eks.amazonaws.com"
                        }
                    },
                ]
              [32m+[0m[0m Version   = "2012-10-17"
            }
        )
      [32m+[0m[0m create_date           = (known after apply)
      [32m+[0m[0m force_detach_policies = false
      [32m+[0m[0m id                    = (known after apply)
      [32m+[0m[0m managed_policy_arns   = (known after apply)
      [32m+[0m[0m max_session_duration  = 3600
      [32m+[0m[0m name                  = "iit-test-eks-cluster-role"
      [32m+[0m[0m name_prefix           = (known after apply)
      [32m+[0m[0m path                  = "/"
      [32m+[0m[0m tags                  = {
          [32m+[0m[0m "Name" = "iit-test-eks-cluster-role"
        }
      [32m+[0m[0m tags_all              = {
          [32m+[0m[0m "Environment" = "production"
          [32m+[0m[0m "ManagedBy"   = "terraform"
          [32m+[0m[0m "Name"        = "iit-test-eks-cluster-role"
          [32m+[0m[0m "Project"     = "iit-test"
        }
      [32m+[0m[0m unique_id             = (known after apply)

      [32m+[0m[0m inline_policy (known after apply)
    }

[1m  # aws_iam_role.eks_nodes[0m will be created
[0m  [32m+[0m[0m resource "aws_iam_role" "eks_nodes" {
      [32m+[0m[0m arn                   = (known after apply)
      [32m+[0m[0m assume_role_policy    = jsonencode(
            {
              [32m+[0m[0m Statement = [
                  [32m+[0m[0m {
                      [32m+[0m[0m Action    = "sts:AssumeRole"
                      [32m+[0m[0m Effect    = "Allow"
                      [32m+[0m[0m Principal = {
                          [32m+[0m[0m Service = "ec2.amazonaws.com"
                        }
                    },
                ]
              [32m+[0m[0m Version   = "2012-10-17"
            }
        )
      [32m+[0m[0m create_date           = (known after apply)
      [32m+[0m[0m force_detach_policies = false
      [32m+[0m[0m id                    = (known after apply)
      [32m+[0m[0m managed_policy_arns   = (known after apply)
      [32m+[0m[0m max_session_duration  = 3600
      [32m+[0m[0m name                  = "iit-test-eks-node-role"
      [32m+[0m[0m name_prefix           = (known after apply)
      [32m+[0m[0m path                  = "/"
      [32m+[0m[0m tags                  = {
          [32m+[0m[0m "Name" = "iit-test-eks-node-role"
        }
      [32m+[0m[0m tags_all              = {
          [32m+[0m[0m "Environment" = "production"
          [32m+[0m[0m "ManagedBy"   = "terraform"
          [32m+[0m[0m "Name"        = "iit-test-eks-node-role"
          [32m+[0m[0m "Project"     = "iit-test"
        }
      [32m+[0m[0m unique_id             = (known after apply)

      [32m+[0m[0m inline_policy (known after apply)
    }

[1m  # aws_iam_role_policy_attachment.eks_cluster_policy[0m will be created
[0m  [32m+[0m[0m resource "aws_iam_role_policy_attachment" "eks_cluster_policy" {
      [32m+[0m[0m id         = (known after apply)
      [32m+[0m[0m policy_arn = "arn:aws:iam::aws:policy/AmazonEKSClusterPolicy"
      [32m+[0m[0m role       = "iit-test-eks-cluster-role"
    }

[1m  # aws_iam_role_policy_attachment.eks_cni_policy[0m will be created
[0m  [32m+[0m[0m resource "aws_iam_role_policy_attachment" "eks_cni_policy" {
      [32m+[0m[0m id         = (known after apply)
      [32m+[0m[0m policy_arn = "arn:aws:iam::aws:policy/AmazonEKS_CNI_Policy"
      [32m+[0m[0m role       = "iit-test-eks-node-role"
    }

[1m  # aws_iam_role_policy_attachment.eks_container_registry[0m will be created
[0m  [32m+[0m[0m resource "aws_iam_role_policy_attachment" "eks_container_registry" {
      [32m+[0m[0m id         = (known after apply)
      [32m+[0m[0m policy_arn = "arn:aws:iam::aws:policy/AmazonEC2ContainerRegistryReadOnly"
      [32m+[0m[0m role       = "iit-test-eks-node-role"
    }

[1m  # aws_iam_role_policy_attachment.eks_vpc_resource_controller[0m will be created
[0m  [32m+[0m[0m resource "aws_iam_role_policy_attachment" "eks_vpc_resource_controller" {
      [32m+[0m[0m id         = (known after apply)
      [32m+[0m[0m policy_arn = "arn:aws:iam::aws:policy/AmazonEKSVPCResourceController"
      [32m+[0m[0m role       = "iit-test-eks-cluster-role"
    }

[1m  # aws_iam_role_policy_attachment.eks_worker_node_policy[0m will be created
[0m  [32m+[0m[0m resource "aws_iam_role_policy_attachment" "eks_worker_node_policy" {
      [32m+[0m[0m id         = (known after apply)
      [32m+[0m[0m policy_arn = "arn:aws:iam::aws:policy/AmazonEKSWorkerNodePolicy"
      [32m+[0m[0m role       = "iit-test-eks-node-role"
    }

[1m  # aws_internet_gateway.main[0m will be created
[0m  [32m+[0m[0m resource "aws_internet_gateway" "main" {
      [32m+[0m[0m arn      = (known after apply)
      [32m+[0m[0m id       = (known after apply)
      [32m+[0m[0m owner_id = (known after apply)
      [32m+[0m[0m tags     = {
          [32m+[0m[0m "Name" = "iit-test-igw"
        }
      [32m+[0m[0m tags_all = {
          [32m+[0m[0m "Environment" = "production"
          [32m+[0m[0m "ManagedBy"   = "terraform"
          [32m+[0m[0m "Name"        = "iit-test-igw"
          [32m+[0m[0m "Project"     = "iit-test"
        }
      [32m+[0m[0m vpc_id   = (known after apply)
    }

[1m  # aws_nat_gateway.main[0m will be created
[0m  [32m+[0m[0m resource "aws_nat_gateway" "main" {
      [32m+[0m[0m allocation_id                      = (known after apply)
      [32m+[0m[0m association_id                     = (known after apply)
      [32m+[0m[0m connectivity_type                  = "public"
      [32m+[0m[0m id                                 = (known after apply)
      [32m+[0m[0m network_interface_id               = (known after apply)
      [32m+[0m[0m private_ip                         = (known after apply)
      [32m+[0m[0m public_ip                          = (known after apply)
      [32m+[0m[0m secondary_private_ip_address_count = (known after apply)
      [32m+[0m[0m secondary_private_ip_addresses     = (known after apply)
      [32m+[0m[0m subnet_id                          = (known after apply)
      [32m+[0m[0m tags                               = {
          [32m+[0m[0m "Name" = "iit-test-nat"
        }
      [32m+[0m[0m tags_all                           = {
          [32m+[0m[0m "Environment" = "production"
          [32m+[0m[0m "ManagedBy"   = "terraform"
          [32m+[0m[0m "Name"        = "iit-test-nat"
          [32m+[0m[0m "Project"     = "iit-test"
        }
    }

[1m  # aws_route_table.private[0m will be created
[0m  [32m+[0m[0m resource "aws_route_table" "private" {
      [32m+[0m[0m arn              = (known after apply)
      [32m+[0m[0m id               = (known after apply)
      [32m+[0m[0m owner_id         = (known after apply)
      [32m+[0m[0m propagating_vgws = (known after apply)
      [32m+[0m[0m route            = [
          [32m+[0m[0m {
              [32m+[0m[0m cidr_block                 = "0.0.0.0/0"
              [32m+[0m[0m nat_gateway_id             = (known after apply)
                [90m# (11 unchanged attributes hidden)[0m[0m
            },
        ]
      [32m+[0m[0m tags             = {
          [32m+[0m[0m "Name" = "iit-test-private-rt"
        }
      [32m+[0m[0m tags_all         = {
          [32m+[0m[0m "Environment" = "production"
          [32m+[0m[0m "ManagedBy"   = "terraform"
          [32m+[0m[0m "Name"        = "iit-test-private-rt"
          [32m+[0m[0m "Project"     = "iit-test"
        }
      [32m+[0m[0m vpc_id           = (known after apply)
    }

[1m  # aws_route_table.public[0m will be created
[0m  [32m+[0m[0m resource "aws_route_table" "public" {
      [32m+[0m[0m arn              = (known after apply)
      [32m+[0m[0m id               = (known after apply)
      [32m+[0m[0m owner_id         = (known after apply)
      [32m+[0m[0m propagating_vgws = (known after apply)
      [32m+[0m[0m route            = [
          [32m+[0m[0m {
              [32m+[0m[0m cidr_block                 = "0.0.0.0/0"
              [32m+[0m[0m gateway_id                 = (known after apply)
                [90m# (11 unchanged attributes hidden)[0m[0m
            },
        ]
      [32m+[0m[0m tags             = {
          [32m+[0m[0m "Name" = "iit-test-public-rt"
        }
      [32m+[0m[0m tags_all         = {
          [32m+[0m[0m "Environment" = "production"
          [32m+[0m[0m "ManagedBy"   = "terraform"
          [32m+[0m[0m "Name"        = "iit-test-public-rt"
          [32m+[0m[0m "Project"     = "iit-test"
        }
      [32m+[0m[0m vpc_id           = (known after apply)
    }

[1m  # aws_route_table_association.private[0][0m will be created
[0m  [32m+[0m[0m resource "aws_route_table_association" "private" {
      [32m+[0m[0m id             = (known after apply)
      [32m+[0m[0m route_table_id = (known after apply)
      [32m+[0m[0m subnet_id      = (known after apply)
    }

[1m  # aws_route_table_association.private[1][0m will be created
[0m  [32m+[0m[0m resource "aws_route_table_association" "private" {
      [32m+[0m[0m id             = (known after apply)
      [32m+[0m[0m route_table_id = (known after apply)
      [32m+[0m[0m subnet_id      = (known after apply)
    }

[1m  # aws_route_table_association.public[0][0m will be created
[0m  [32m+[0m[0m resource "aws_route_table_association" "public" {
      [32m+[0m[0m id             = (known after apply)
      [32m+[0m[0m route_table_id = (known after apply)
      [32m+[0m[0m subnet_id      = (known after apply)
    }

[1m  # aws_route_table_association.public[1][0m will be created
[0m  [32m+[0m[0m resource "aws_route_table_association" "public" {
      [32m+[0m[0m id             = (known after apply)
      [32m+[0m[0m route_table_id = (known after apply)
      [32m+[0m[0m subnet_id      = (known after apply)
    }

[1m  # aws_security_group.eks_cluster[0m will be created
[0m  [32m+[0m[0m resource "aws_security_group" "eks_cluster" {
      [32m+[0m[0m arn                    = (known after apply)
      [32m+[0m[0m description            = "Security group for EKS cluster control plane"
      [32m+[0m[0m egress                 = [
          [32m+[0m[0m {
              [32m+[0m[0m cidr_blocks      = [
                  [32m+[0m[0m "0.0.0.0/0",
                ]
              [32m+[0m[0m description      = "Allow all outbound"
              [32m+[0m[0m from_port        = 0
              [32m+[0m[0m ipv6_cidr_blocks = []
              [32m+[0m[0m prefix_list_ids  = []
              [32m+[0m[0m protocol         = "-1"
              [32m+[0m[0m security_groups  = []
              [32m+[0m[0m self             = false
              [32m+[0m[0m to_port          = 0
            },
        ]
      [32m+[0m[0m id                     = (known after apply)
      [32m+[0m[0m ingress                = [
          [32m+[0m[0m {
              [32m+[0m[0m cidr_blocks      = [
                  [32m+[0m[0m "0.0.0.0/0",
                ]
              [32m+[0m[0m description      = "Allow HTTPS from anywhere"
              [32m+[0m[0m from_port        = 443
              [32m+[0m[0m ipv6_cidr_blocks = []
              [32m+[0m[0m prefix_list_ids  = []
              [32m+[0m[0m protocol         = "tcp"
              [32m+[0m[0m security_groups  = []
              [32m+[0m[0m self             = false
              [32m+[0m[0m to_port          = 443
            },
        ]
      [32m+[0m[0m name                   = (known after apply)
      [32m+[0m[0m name_prefix            = "iit-test-eks-cluster-sg"
      [32m+[0m[0m owner_id               = (known after apply)
      [32m+[0m[0m revoke_rules_on_delete = false
      [32m+[0m[0m tags                   = {
          [32m+[0m[0m "Name" = "iit-test-eks-cluster-sg"
        }
      [32m+[0m[0m tags_all               = {
          [32m+[0m[0m "Environment" = "production"
          [32m+[0m[0m "ManagedBy"   = "terraform"
          [32m+[0m[0m "Name"        = "iit-test-eks-cluster-sg"
          [32m+[0m[0m "Project"     = "iit-test"
        }
      [32m+[0m[0m vpc_id                 = (known after apply)
    }

[1m  # aws_subnet.private[0][0m will be created
[0m  [32m+[0m[0m resource "aws_subnet" "private" {
      [32m+[0m[0m arn                                            = (known after apply)
      [32m+[0m[0m assign_ipv6_address_on_creation                = false
      [32m+[0m[0m availability_zone                              = "ap-south-1a"
      [32m+[0m[0m availability_zone_id                           = (known after apply)
      [32m+[0m[0m cidr_block                                     = "10.0.10.0/24"
      [32m+[0m[0m enable_dns64                                   = false
      [32m+[0m[0m enable_resource_name_dns_a_record_on_launch    = false
      [32m+[0m[0m enable_resource_name_dns_aaaa_record_on_launch = false
      [32m+[0m[0m id                                             = (known after apply)
      [32m+[0m[0m ipv6_cidr_block_association_id                 = (known after apply)
      [32m+[0m[0m ipv6_native                                    = false
      [32m+[0m[0m map_public_ip_on_launch                        = false
      [32m+[0m[0m owner_id                                       = (known after apply)
      [32m+[0m[0m private_dns_hostname_type_on_launch            = (known after apply)
      [32m+[0m[0m tags                                           = {
          [32m+[0m[0m "Name"                               = "iit-test-private-1"
          [32m+[0m[0m "kubernetes.io/cluster/iit-test-eks" = "shared"
          [32m+[0m[0m "kubernetes.io/role/internal-elb"    = "1"
        }
      [32m+[0m[0m tags_all                                       = {
          [32m+[0m[0m "Environment"                        = "production"
          [32m+[0m[0m "ManagedBy"                          = "terraform"
          [32m+[0m[0m "Name"                               = "iit-test-private-1"
          [32m+[0m[0m "Project"                            = "iit-test"
          [32m+[0m[0m "kubernetes.io/cluster/iit-test-eks" = "shared"
          [32m+[0m[0m "kubernetes.io/role/internal-elb"    = "1"
        }
      [32m+[0m[0m vpc_id                                         = (known after apply)
    }

[1m  # aws_subnet.private[1][0m will be created
[0m  [32m+[0m[0m resource "aws_subnet" "private" {
      [32m+[0m[0m arn                                            = (known after apply)
      [32m+[0m[0m assign_ipv6_address_on_creation                = false
      [32m+[0m[0m availability_zone                              = "ap-south-1b"
      [32m+[0m[0m availability_zone_id                           = (known after apply)
      [32m+[0m[0m cidr_block                                     = "10.0.20.0/24"
      [32m+[0m[0m enable_dns64                                   = false
      [32m+[0m[0m enable_resource_name_dns_a_record_on_launch    = false
      [32m+[0m[0m enable_resource_name_dns_aaaa_record_on_launch = false
      [32m+[0m[0m id                                             = (known after apply)
      [32m+[0m[0m ipv6_cidr_block_association_id                 = (known after apply)
      [32m+[0m[0m ipv6_native                                    = false
      [32m+[0m[0m map_public_ip_on_launch                        = false
      [32m+[0m[0m owner_id                                       = (known after apply)
      [32m+[0m[0m private_dns_hostname_type_on_launch            = (known after apply)
      [32m+[0m[0m tags                                           = {
          [32m+[0m[0m "Name"                               = "iit-test-private-2"
          [32m+[0m[0m "kubernetes.io/cluster/iit-test-eks" = "shared"
          [32m+[0m[0m "kubernetes.io/role/internal-elb"    = "1"
        }
      [32m+[0m[0m tags_all                                       = {
          [32m+[0m[0m "Environment"                        = "production"
          [32m+[0m[0m "ManagedBy"                          = "terraform"
          [32m+[0m[0m "Name"                               = "iit-test-private-2"
          [32m+[0m[0m "Project"                            = "iit-test"
          [32m+[0m[0m "kubernetes.io/cluster/iit-test-eks" = "shared"
          [32m+[0m[0m "kubernetes.io/role/internal-elb"    = "1"
        }
      [32m+[0m[0m vpc_id                                         = (known after apply)
    }

[1m  # aws_subnet.public[0][0m will be created
[0m  [32m+[0m[0m resource "aws_subnet" "public" {
      [32m+[0m[0m arn                                            = (known after apply)
      [32m+[0m[0m assign_ipv6_address_on_creation                = false
      [32m+[0m[0m availability_zone                              = "ap-south-1a"
      [32m+[0m[0m availability_zone_id                           = (known after apply)
      [32m+[0m[0m cidr_block                                     = "10.0.1.0/24"
      [32m+[0m[0m enable_dns64                                   = false
      [32m+[0m[0m enable_resource_name_dns_a_record_on_launch    = false
      [32m+[0m[0m enable_resource_name_dns_aaaa_record_on_launch = false
      [32m+[0m[0m id                                             = (known after apply)
      [32m+[0m[0m ipv6_cidr_block_association_id                 = (known after apply)
      [32m+[0m[0m ipv6_native                                    = false
      [32m+[0m[0m map_public_ip_on_launch                        = true
      [32m+[0m[0m owner_id                                       = (known after apply)
      [32m+[0m[0m private_dns_hostname_type_on_launch            = (known after apply)
      [32m+[0m[0m tags                                           = {
          [32m+[0m[0m "Name"                               = "iit-test-public-1"
          [32m+[0m[0m "kubernetes.io/cluster/iit-test-eks" = "shared"
          [32m+[0m[0m "kubernetes.io/role/elb"             = "1"
        }
      [32m+[0m[0m tags_all                                       = {
          [32m+[0m[0m "Environment"                        = "production"
          [32m+[0m[0m "ManagedBy"                          = "terraform"
          [32m+[0m[0m "Name"                               = "iit-test-public-1"
          [32m+[0m[0m "Project"                            = "iit-test"
          [32m+[0m[0m "kubernetes.io/cluster/iit-test-eks" = "shared"
          [32m+[0m[0m "kubernetes.io/role/elb"             = "1"
        }
      [32m+[0m[0m vpc_id                                         = (known after apply)
    }

[1m  # aws_subnet.public[1][0m will be created
[0m  [32m+[0m[0m resource "aws_subnet" "public" {
      [32m+[0m[0m arn                                            = (known after apply)
      [32m+[0m[0m assign_ipv6_address_on_creation                = false
      [32m+[0m[0m availability_zone                              = "ap-south-1b"
      [32m+[0m[0m availability_zone_id                           = (known after apply)
      [32m+[0m[0m cidr_block                                     = "10.0.2.0/24"
      [32m+[0m[0m enable_dns64                                   = false
      [32m+[0m[0m enable_resource_name_dns_a_record_on_launch    = false
      [32m+[0m[0m enable_resource_name_dns_aaaa_record_on_launch = false
      [32m+[0m[0m id                                             = (known after apply)
      [32m+[0m[0m ipv6_cidr_block_association_id                 = (known after apply)
      [32m+[0m[0m ipv6_native                                    = false
      [32m+[0m[0m map_public_ip_on_launch                        = true
      [32m+[0m[0m owner_id                                       = (known after apply)
      [32m+[0m[0m private_dns_hostname_type_on_launch            = (known after apply)
      [32m+[0m[0m tags                                           = {
          [32m+[0m[0m "Name"                               = "iit-test-public-2"
          [32m+[0m[0m "kubernetes.io/cluster/iit-test-eks" = "shared"
          [32m+[0m[0m "kubernetes.io/role/elb"             = "1"
        }
      [32m+[0m[0m tags_all                                       = {
          [32m+[0m[0m "Environment"                        = "production"
          [32m+[0m[0m "ManagedBy"                          = "terraform"
          [32m+[0m[0m "Name"                               = "iit-test-public-2"
          [32m+[0m[0m "Project"                            = "iit-test"
          [32m+[0m[0m "kubernetes.io/cluster/iit-test-eks" = "shared"
          [32m+[0m[0m "kubernetes.io/role/elb"             = "1"
        }
      [32m+[0m[0m vpc_id                                         = (known after apply)
    }

[1m  # aws_vpc.main[0m will be created
[0m  [32m+[0m[0m resource "aws_vpc" "main" {
      [32m+[0m[0m arn                                  = (known after apply)
      [32m+[0m[0m cidr_block                           = "10.0.0.0/16"
      [32m+[0m[0m default_network_acl_id               = (known after apply)
      [32m+[0m[0m default_route_table_id               = (known after apply)
      [32m+[0m[0m default_security_group_id            = (known after apply)
      [32m+[0m[0m dhcp_options_id                      = (known after apply)
      [32m+[0m[0m enable_dns_hostnames                 = true
      [32m+[0m[0m enable_dns_support                   = true
      [32m+[0m[0m enable_network_address_usage_metrics = (known after apply)
      [32m+[0m[0m id                                   = (known after apply)
      [32m+[0m[0m instance_tenancy                     = "default"
      [32m+[0m[0m ipv6_association_id                  = (known after apply)
      [32m+[0m[0m ipv6_cidr_block                      = (known after apply)
      [32m+[0m[0m ipv6_cidr_block_network_border_group = (known after apply)
      [32m+[0m[0m main_route_table_id                  = (known after apply)
      [32m+[0m[0m owner_id                             = (known after apply)
      [32m+[0m[0m tags                                 = {
          [32m+[0m[0m "Name" = "iit-test-vpc"
        }
      [32m+[0m[0m tags_all                             = {
          [32m+[0m[0m "Environment" = "production"
          [32m+[0m[0m "ManagedBy"   = "terraform"
          [32m+[0m[0m "Name"        = "iit-test-vpc"
          [32m+[0m[0m "Project"     = "iit-test"
        }
    }

[1mPlan:[0m [0m24 to add, 0 to change, 0 to destroy.

Changes to Outputs:
  [32m+[0m[0m cluster_certificate_authority = (sensitive value)
  [32m+[0m[0m cluster_endpoint              = (known after apply)
  [32m+[0m[0m cluster_name                  = "iit-test-eks"
  [32m+[0m[0m cluster_version               = "1.31"
  [32m+[0m[0m node_group_name               = "iit-test-eks-node-group"
  [32m+[0m[0m update_kubeconfig             = "aws eks update-kubeconfig --name iit-test-eks --region ap-south-1"
  [32m+[0m[0m vpc_id                        = (known after apply)
[0m[1maws_vpc.main: Creating...[0m[0m
[0m[1maws_eip.nat: Creating...[0m[0m
[0m[1maws_iam_role.eks_cluster: Creating...[0m[0m
[0m[1maws_iam_role.eks_nodes: Creating...[0m[0m
[0m[1maws_eip.nat: Creation complete after 1s [id=eipalloc-036e3d1097519a021][0m
[0m[1maws_iam_role.eks_nodes: Creation complete after 2s [id=iit-test-eks-node-role][0m
[0m[1maws_iam_role.eks_cluster: Creation complete after 2s [id=iit-test-eks-cluster-role][0m
[0m[1maws_iam_role_policy_attachment.eks_cni_policy: Creating...[0m[0m
[0m[1maws_iam_role_policy_attachment.eks_cluster_policy: Creating...[0m[0m
[0m[1maws_iam_role_policy_attachment.eks_worker_node_policy: Creating...[0m[0m
[0m[1maws_iam_role_policy_attachment.eks_vpc_resource_controller: Creating...[0m[0m
[0m[1maws_iam_role_policy_attachment.eks_container_registry: Creating...[0m[0m
[0m[1maws_iam_role_policy_attachment.eks_cluster_policy: Creation complete after 1s [id=iit-test-eks-cluster-role-20260215094424943400000001][0m
[0m[1maws_iam_role_policy_attachment.eks_cni_policy: Creation complete after 1s [id=iit-test-eks-node-role-20260215094425000800000002][0m
[0m[1maws_iam_role_policy_attachment.eks_worker_node_policy: Creation complete after 1s [id=iit-test-eks-node-role-20260215094425255400000003][0m
[0m[1maws_iam_role_policy_attachment.eks_container_registry: Creation complete after 1s [id=iit-test-eks-node-role-20260215094425544000000005][0m
[0m[1maws_iam_role_policy_attachment.eks_vpc_resource_controller: Creation complete after 1s [id=iit-test-eks-cluster-role-20260215094425331700000004][0m
[0m[1maws_vpc.main: Still creating... [00m10s elapsed][0m[0m
[0m[1maws_vpc.main: Creation complete after 12s [id=vpc-0740311bd6d514f20][0m
[0m[1maws_subnet.public[1]: Creating...[0m[0m
[0m[1maws_internet_gateway.main: Creating...[0m[0m
[0m[1maws_subnet.private[0]: Creating...[0m[0m
[0m[1maws_subnet.public[0]: Creating...[0m[0m
[0m[1maws_subnet.private[1]: Creating...[0m[0m
[0m[1maws_security_group.eks_cluster: Creating...[0m[0m
[0m[1maws_internet_gateway.main: Creation complete after 0s [id=igw-018dae44e837c9c52][0m
[0m[1maws_route_table.public: Creating...[0m[0m
[0m[1maws_subnet.private[0]: Creation complete after 0s [id=subnet-0e1009e9edbf26019][0m
[0m[1maws_subnet.private[1]: Creation complete after 0s [id=subnet-0ba46d143d27c700f][0m
[0m[1maws_route_table.public: Creation complete after 1s [id=rtb-0a19ad5dda4f87315][0m
[0m[1maws_security_group.eks_cluster: Creation complete after 3s [id=sg-0f0ab39f870938ad8][0m
[0m[1maws_subnet.public[1]: Still creating... [00m10s elapsed][0m[0m
[0m[1maws_subnet.public[0]: Still creating... [00m10s elapsed][0m[0m
[0m[1maws_subnet.public[0]: Creation complete after 11s [id=subnet-0f0b15a7d6e746c19][0m
[0m[1maws_nat_gateway.main: Creating...[0m[0m
[0m[1maws_subnet.public[1]: Creation complete after 13s [id=subnet-041e0a37cee3dd6ad][0m
[0m[1maws_route_table_association.public[0]: Creating...[0m[0m
[0m[1maws_route_table_association.public[1]: Creating...[0m[0m
[0m[1maws_eks_cluster.main: Creating...[0m[0m
[0m[1maws_route_table_association.public[0]: Creation complete after 0s [id=rtbassoc-04a43a6ae2c7b21d6][0m
[0m[1maws_route_table_association.public[1]: Creation complete after 1s [id=rtbassoc-032eadfbc73acdcb3][0m
[0m[1maws_nat_gateway.main: Still creating... [00m10s elapsed][0m[0m
[0m[1maws_eks_cluster.main: Still creating... [00m10s elapsed][0m[0m
[0m[1maws_nat_gateway.main: Still creating... [00m20s elapsed][0m[0m
[0m[1maws_eks_cluster.main: Still creating... [00m20s elapsed][0m[0m
[0m[1maws_nat_gateway.main: Still creating... [00m30s elapsed][0m[0m
[0m[1maws_eks_cluster.main: Still creating... [00m30s elapsed][0m[0m
[0m[1maws_nat_gateway.main: Still creating... [00m40s elapsed][0m[0m
[0m[1maws_eks_cluster.main: Still creating... [00m40s elapsed][0m[0m
[0m[1maws_nat_gateway.main: Still creating... [00m50s elapsed][0m[0m
[0m[1maws_eks_cluster.main: Still creating... [00m50s elapsed][0m[0m
[0m[1maws_nat_gateway.main: Still creating... [01m00s elapsed][0m[0m
[0m[1maws_eks_cluster.main: Still creating... [01m00s elapsed][0m[0m
[0m[1maws_nat_gateway.main: Still creating... [01m10s elapsed][0m[0m
[0m[1maws_eks_cluster.main: Still creating... [01m10s elapsed][0m[0m
[0m[1maws_nat_gateway.main: Still creating... [01m20s elapsed][0m[0m
[0m[1maws_eks_cluster.main: Still creating... [01m20s elapsed][0m[0m
[0m[1maws_nat_gateway.main: Still creating... [01m30s elapsed][0m[0m
[0m[1maws_eks_cluster.main: Still creating... [01m30s elapsed][0m[0m
[0m[1maws_nat_gateway.main: Still creating... [01m40s elapsed][0m[0m
[0m[1maws_eks_cluster.main: Still creating... [01m40s elapsed][0m[0m
[0m[1maws_nat_gateway.main: Still creating... [01m50s elapsed][0m[0m
[0m[1maws_eks_cluster.main: Still creating... [01m50s elapsed][0m[0m
[0m[1maws_nat_gateway.main: Creation complete after 1m54s [id=nat-0dca3404fc5cbb1be][0m
[0m[1maws_route_table.private: Creating...[0m[0m
[0m[1maws_route_table.private: Creation complete after 2s [id=rtb-032226bbc10120f89][0m
[0m[1maws_route_table_association.private[1]: Creating...[0m[0m
[0m[1maws_route_table_association.private[0]: Creating...[0m[0m
[0m[1maws_route_table_association.private[1]: Creation complete after 0s [id=rtbassoc-0705b0e2ed374ae2b][0m
[0m[1maws_route_table_association.private[0]: Creation complete after 0s [id=rtbassoc-08317e49bcaec30a3][0m
[0m[1maws_eks_cluster.main: Still creating... [02m00s elapsed][0m[0m
[0m[1maws_eks_cluster.main: Still creating... [02m10s elapsed][0m[0m
[0m[1maws_eks_cluster.main: Still creating... [02m20s elapsed][0m[0m
[0m[1maws_eks_cluster.main: Still creating... [02m30s elapsed][0m[0m
[0m[1maws_eks_cluster.main: Still creating... [02m40s elapsed][0m[0m
[0m[1maws_eks_cluster.main: Still creating... [02m50s elapsed][0m[0m
[0m[1maws_eks_cluster.main: Still creating... [03m00s elapsed][0m[0m
[0m[1maws_eks_cluster.main: Still creating... [03m10s elapsed][0m[0m
[0m[1maws_eks_cluster.main: Still creating... [03m20s elapsed][0m[0m
[0m[1maws_eks_cluster.main: Still creating... [03m30s elapsed][0m[0m
[0m[1maws_eks_cluster.main: Still creating... [03m40s elapsed][0m[0m
[0m[1maws_eks_cluster.main: Still creating... [03m50s elapsed][0m[0m
[0m[1maws_eks_cluster.main: Still creating... [04m00s elapsed][0m[0m
[0m[1maws_eks_cluster.main: Still creating... [04m10s elapsed][0m[0m
[0m[1maws_eks_cluster.main: Still creating... [04m20s elapsed][0m[0m
[0m[1maws_eks_cluster.main: Still creating... [04m30s elapsed][0m[0m
[0m[1maws_eks_cluster.main: Still creating... [04m40s elapsed][0m[0m
[0m[1maws_eks_cluster.main: Still creating... [04m50s elapsed][0m[0m
[0m[1maws_eks_cluster.main: Still creating... [05m00s elapsed][0m[0m
[0m[1maws_eks_cluster.main: Still creating... [05m10s elapsed][0m[0m
[0m[1maws_eks_cluster.main: Still creating... [05m20s elapsed][0m[0m
[0m[1maws_eks_cluster.main: Still creating... [05m30s elapsed][0m[0m
[0m[1maws_eks_cluster.main: Still creating... [05m40s elapsed][0m[0m
[0m[1maws_eks_cluster.main: Still creating... [05m50s elapsed][0m[0m
[0m[1maws_eks_cluster.main: Still creating... [06m00s elapsed][0m[0m
[0m[1maws_eks_cluster.main: Still creating... [06m10s elapsed][0m[0m
[0m[1maws_eks_cluster.main: Still creating... [06m20s elapsed][0m[0m
[0m[1maws_eks_cluster.main: Still creating... [06m30s elapsed][0m[0m
[0m[1maws_eks_cluster.main: Still creating... [06m40s elapsed][0m[0m
[0m[1maws_eks_cluster.main: Still creating... [06m50s elapsed][0m[0m
[0m[1maws_eks_cluster.main: Still creating... [07m00s elapsed][0m[0m
[0m[1maws_eks_cluster.main: Still creating... [07m10s elapsed][0m[0m
[0m[1maws_eks_cluster.main: Still creating... [07m20s elapsed][0m[0m
[0m[1maws_eks_cluster.main: Still creating... [07m30s elapsed][0m[0m
[0m[1maws_eks_cluster.main: Still creating... [07m40s elapsed][0m[0m
[0m[1maws_eks_cluster.main: Still creating... [07m50s elapsed][0m[0m
[0m[1maws_eks_cluster.main: Still creating... [08m00s elapsed][0m[0m
[0m[1maws_eks_cluster.main: Still creating... [08m10s elapsed][0m[0m
[0m[1maws_eks_cluster.main: Still creating... [08m20s elapsed][0m[0m
[0m[1maws_eks_cluster.main: Still creating... [08m30s elapsed][0m[0m
[0m[1maws_eks_cluster.main: Still creating... [08m40s elapsed][0m[0m
[0m[1maws_eks_cluster.main: Creation complete after 8m48s [id=iit-test-eks][0m
[0m[1maws_eks_node_group.main: Creating...[0m[0m
[0m[1maws_eks_node_group.main: Still creating... [00m10s elapsed][0m[0m
[0m[1maws_eks_node_group.main: Still creating... [00m20s elapsed][0m[0m
[0m[1maws_eks_node_group.main: Still creating... [00m30s elapsed][0m[0m
[0m[1maws_eks_node_group.main: Still creating... [00m40s elapsed][0m[0m
[0m[1maws_eks_node_group.main: Still creating... [00m50s elapsed][0m[0m
[0m[1maws_eks_node_group.main: Still creating... [01m00s elapsed][0m[0m
[0m[1maws_eks_node_group.main: Still creating... [01m10s elapsed][0m[0m
[0m[1maws_eks_node_group.main: Still creating... [01m20s elapsed][0m[0m
[0m[1maws_eks_node_group.main: Still creating... [01m30s elapsed][0m[0m
[0m[1maws_eks_node_group.main: Still creating... [01m40s elapsed][0m[0m
[0m[1maws_eks_node_group.main: Creation complete after 1m50s [id=iit-test-eks:iit-test-eks-node-group][0m
[0m[1m[32m
Apply complete! Resources: 24 added, 0 changed, 0 destroyed.[0m
[0m[1m[32m
Outputs:

[0mcluster_certificate_authority = <sensitive>
cluster_endpoint = "https://621ED3F916AC94315A329AC25D266DD7.sk1.ap-south-1.eks.amazonaws.com"
cluster_name = "iit-test-eks"
cluster_version = "1.31"
node_group_name = "iit-test-eks-node-group"
update_kubeconfig = "aws eks update-kubeconfig --name iit-test-eks --region ap-south-1"
vpc_id = "vpc-0740311bd6d514f20"
